c:\users\personal\desktop\mindflayer4.0\debug\vc141.pdb
c:\users\personal\desktop\mindflayer4.0\debug\vc141.idb
c:\users\personal\desktop\mindflayer4.0\debug\tutorial07.obj
c:\users\personal\desktop\mindflayer4.0\debug\mfsampler.obj
c:\users\personal\desktop\mindflayer4.0\debug\mfdepthstencilview.obj
c:\users\personal\desktop\mindflayer4.0\debug\mfdepthstencil.obj
c:\users\personal\desktop\mindflayer4.0\debug\mfviewport.obj
c:\users\personal\desktop\mindflayer4.0\debug\mfvertexshader.obj
c:\users\personal\desktop\mindflayer4.0\debug\mfvertexbuffer.obj
c:\users\personal\desktop\mindflayer4.0\debug\mftexture.obj
c:\users\personal\desktop\mindflayer4.0\debug\mfswapchain.obj
c:\users\personal\desktop\mindflayer4.0\debug\mfrendertarget.obj
c:\users\personal\desktop\mindflayer4.0\debug\mfrendermanager.obj
c:\users\personal\desktop\mindflayer4.0\debug\mfpixelshader.obj
c:\users\personal\desktop\mindflayer4.0\debug\mfpixelbuffer.obj
c:\users\personal\desktop\mindflayer4.0\debug\mfinputlayout.obj
c:\users\personal\desktop\mindflayer4.0\debug\mfdevicecontext.obj
c:\users\personal\desktop\mindflayer4.0\debug\mfconstbuffer.obj
c:\users\personal\desktop\mindflayer4.0\debug\mfbuffer.obj
c:\users\personal\desktop\mindflayer4.0\debug\mfbasetexture.obj
c:\users\personal\desktop\mindflayer4.0\debug\mfbaseshader.obj
c:\users\personal\desktop\mindflayer4.0\debug\mddevice.obj
c:\users\personal\desktop\mindflayer4.0\debug\mfwindow.obj
c:\users\personal\desktop\mindflayer4.0\debug\mfloadmodel.obj
c:\users\personal\desktop\mindflayer4.0\debug\imgui_widgets.obj
c:\users\personal\desktop\mindflayer4.0\debug\imgui_impl_win32.obj
c:\users\personal\desktop\mindflayer4.0\debug\imgui_impl_dx11.obj
c:\users\personal\desktop\mindflayer4.0\debug\imgui_draw.obj
c:\users\personal\desktop\mindflayer4.0\debug\imgui.obj
c:\users\personal\desktop\mindflayer4.0\debug\mfmesh.obj
c:\users\personal\desktop\mindflayer4.0\debug\mfopenfile.obj
c:\users\personal\desktop\mindflayer4.0\debug\mfmaterial.obj
c:\users\personal\desktop\mindflayer4.0\debug\mfimgui.obj
c:\users\personal\desktop\mindflayer4.0\debug\tutorial07.exe
c:\users\personal\desktop\mindflayer4.0\debug\tutorial07.ilk
c:\users\personal\desktop\mindflayer4.0\debug\tutorial07.pdb
c:\users\personal\desktop\mindflayer4.0\debug\tutorial07.res
c:\users\personal\desktop\mindflayer4.0\debug\tutorial07.tlog\cl.command.1.tlog
c:\users\personal\desktop\mindflayer4.0\debug\tutorial07.tlog\cl.read.1.tlog
c:\users\personal\desktop\mindflayer4.0\debug\tutorial07.tlog\cl.write.1.tlog
c:\users\personal\desktop\mindflayer4.0\debug\tutorial07.tlog\link.command.1.tlog
c:\users\personal\desktop\mindflayer4.0\debug\tutorial07.tlog\link.read.1.tlog
c:\users\personal\desktop\mindflayer4.0\debug\tutorial07.tlog\link.write.1.tlog
c:\users\personal\desktop\mindflayer4.0\debug\tutorial07.tlog\rc.command.1.tlog
c:\users\personal\desktop\mindflayer4.0\debug\tutorial07.tlog\rc.read.1.tlog
c:\users\personal\desktop\mindflayer4.0\debug\tutorial07.tlog\rc.write.1.tlog
